# JRE version: Java(TM) SE Runtime Environment (8.0_73-b02) (build 1.8.0_73-b02)
# Java VM: Java HotSpot(TM) 64-Bit Server VM (25.73-b02 mixed mode windows-amd64 compressed oops)
Heap:
 PSYoungGen      total 293888K, used 172724K [0x00000000eab00000, 0x00000000ff980000, 0x0000000100000000)
  eden space 264704K, 54% used [0x00000000eab00000,0x00000000f3733cd8,0x00000000fad80000)
  from space 29184K, 99% used [0x00000000fce80000,0x00000000feaf9448,0x00000000feb00000)
  to   space 33792K, 0% used [0x00000000fad80000,0x00000000fad80000,0x00000000fce80000)
 ParOldGen       total 223232K, used 95938K [0x00000000c0000000, 0x00000000cda00000, 0x00000000eab00000)
  object space 223232K, 42% used [0x00000000c0000000,0x00000000c5db0b70,0x00000000cda00000)
 Metaspace       used 84780K, capacity 96802K, committed 99200K, reserved 1134592K
  class space    used 10632K, capacity 14225K, committed 14976K, reserved 1048576K
GC Heap History (10 events):
Event: 4596.756 GC heap before
{Heap before GC invocations=84 (full 20):
 PSYoungGen      total 280064K, used 248320K [0x00000000eab00000, 0x00000000fdd80000, 0x0000000100000000)
  eden space 248320K, 100% used [0x00000000eab00000,0x00000000f9d80000,0x00000000f9d80000)
  from space 31744K, 0% used [0x00000000f9d80000,0x00000000f9d80000,0x00000000fbc80000)
  to   space 32768K, 0% used [0x00000000fbd80000,0x00000000fbd80000,0x00000000fdd80000)
 ParOldGen       total 223232K, used 95089K [0x00000000c0000000, 0x00000000cda00000, 0x00000000eab00000)
  object space 223232K, 42% used [0x00000000c0000000,0x00000000c5cdc678,0x00000000cda00000)
 Metaspace       used 83987K, capacity 95170K, committed 98944K, reserved 1132544K
  class space    used 10521K, capacity 13843K, committed 14976K, reserved 1048576K
Event: 4596.777 GC heap after
Heap after GC invocations=84 (full 20):
 PSYoungGen      total 282624K, used 16016K [0x00000000eab00000, 0x00000000fe200000, 0x0000000100000000)
  eden space 249856K, 0% used [0x00000000eab00000,0x00000000eab00000,0x00000000f9f00000)
  from space 32768K, 48% used [0x00000000fbd80000,0x00000000fcd243f0,0x00000000fdd80000)
  to   space 31232K, 0% used [0x00000000f9f00000,0x00000000f9f00000,0x00000000fbd80000)
 ParOldGen       total 223232K, used 95097K [0x00000000c0000000, 0x00000000cda00000, 0x00000000eab00000)
  object space 223232K, 42% used [0x00000000c0000000,0x00000000c5cde678,0x00000000cda00000)
 Metaspace       used 83987K, capacity 95170K, committed 98944K, reserved 1132544K
  class space    used 10521K, capacity 13843K, committed 14976K, reserved 1048576K
}
Event: 4616.463 GC heap before
{Heap before GC invocations=85 (full 20):
 PSYoungGen      total 282624K, used 265872K [0x00000000eab00000, 0x00000000fe200000, 0x0000000100000000)
  eden space 249856K, 100% used [0x00000000eab00000,0x00000000f9f00000,0x00000000f9f00000)
  from space 32768K, 48% used [0x00000000fbd80000,0x00000000fcd243f0,0x00000000fdd80000)
  to   space 31232K, 0% used [0x00000000f9f00000,0x00000000f9f00000,0x00000000fbd80000)
 ParOldGen       total 223232K, used 95097K [0x00000000c0000000, 0x00000000cda00000, 0x00000000eab00000)
  object space 223232K, 42% used [0x00000000c0000000,0x00000000c5cde678,0x00000000cda00000)
 Metaspace       used 84137K, capacity 95590K, committed 98944K, reserved 1132544K
  class space    used 10543K, capacity 13947K, committed 14976K, reserved 1048576K
Event: 4616.474 GC heap after
Heap after GC invocations=85 (full 20):
 PSYoungGen      total 281088K, used 4544K [0x00000000eab00000, 0x00000000fe380000, 0x0000000100000000)
  eden space 249856K, 0% used [0x00000000eab00000,0x00000000eab00000,0x00000000f9f00000)
  from space 31232K, 14% used [0x00000000f9f00000,0x00000000fa370000,0x00000000fbd80000)
  to   space 31744K, 0% used [0x00000000fc480000,0x00000000fc480000,0x00000000fe380000)
 ParOldGen       total 223232K, used 95097K [0x00000000c0000000, 0x00000000cda00000, 0x00000000eab00000)
  object space 223232K, 42% used [0x00000000c0000000,0x00000000c5cde678,0x00000000cda00000)
 Metaspace       used 84137K, capacity 95590K, committed 98944K, reserved 1132544K
  class space    used 10543K, capacity 13947K, committed 14976K, reserved 1048576K
}
Event: 4617.651 GC heap before
{Heap before GC invocations=86 (full 20):
 PSYoungGen      total 281088K, used 254400K [0x00000000eab00000, 0x00000000fe380000, 0x0000000100000000)
  eden space 249856K, 100% used [0x00000000eab00000,0x00000000f9f00000,0x00000000f9f00000)
  from space 31232K, 14% used [0x00000000f9f00000,0x00000000fa370000,0x00000000fbd80000)
  to   space 31744K, 0% used [0x00000000fc480000,0x00000000fc480000,0x00000000fe380000)
 ParOldGen       total 223232K, used 95097K [0x00000000c0000000, 0x00000000cda00000, 0x00000000eab00000)
  object space 223232K, 42% used [0x00000000c0000000,0x00000000c5cde678,0x00000000cda00000)
 Metaspace       used 84311K, capacity 96174K, committed 98944K, reserved 1132544K
  class space    used 10573K, capacity 14083K, committed 14976K, reserved 1048576K
Event: 4617.662 GC heap after
Heap after GC invocations=86 (full 20):
 PSYoungGen      total 289280K, used 8926K [0x00000000eab00000, 0x00000000fe880000, 0x0000000100000000)
  eden space 257536K, 0% used [0x00000000eab00000,0x00000000eab00000,0x00000000fa680000)
  from space 31744K, 28% used [0x00000000fc480000,0x00000000fcd37ae0,0x00000000fe380000)
  to   space 30720K, 0% used [0x00000000fa680000,0x00000000fa680000,0x00000000fc480000)
 ParOldGen       total 223232K, used 95105K [0x00000000c0000000, 0x00000000cda00000, 0x00000000eab00000)
  object space 223232K, 42% used [0x00000000c0000000,0x00000000c5ce0678,0x00000000cda00000)
 Metaspace       used 84311K, capacity 96174K, committed 98944K, reserved 1132544K
  class space    used 10573K, capacity 14083K, committed 14976K, reserved 1048576K
}
Event: 4694.056 GC heap before
{Heap before GC invocations=87 (full 20):
 PSYoungGen      total 289280K, used 266462K [0x00000000eab00000, 0x00000000fe880000, 0x0000000100000000)
  eden space 257536K, 100% used [0x00000000eab00000,0x00000000fa680000,0x00000000fa680000)
  from space 31744K, 28% used [0x00000000fc480000,0x00000000fcd37ae0,0x00000000fe380000)
  to   space 30720K, 0% used [0x00000000fa680000,0x00000000fa680000,0x00000000fc480000)
 ParOldGen       total 223232K, used 95105K [0x00000000c0000000, 0x00000000cda00000, 0x00000000eab00000)
  object space 223232K, 42% used [0x00000000c0000000,0x00000000c5ce0678,0x00000000cda00000)
 Metaspace       used 84661K, capacity 96688K, committed 99200K, reserved 1134592K
  class space    used 10624K, capacity 14191K, committed 14976K, reserved 1048576K
Event: 4694.079 GC heap after
Heap after GC invocations=87 (full 20):
 PSYoungGen      total 288256K, used 14549K [0x00000000eab00000, 0x00000000feb00000, 0x0000000100000000)
  eden space 257536K, 0% used [0x00000000eab00000,0x00000000eab00000,0x00000000fa680000)
  from space 30720K, 47% used [0x00000000fa680000,0x00000000fb4b5480,0x00000000fc480000)
  to   space 29184K, 0% used [0x00000000fce80000,0x00000000fce80000,0x00000000feb00000)
 ParOldGen       total 223232K, used 95113K [0x00000000c0000000, 0x00000000cda00000, 0x00000000eab00000)
  object space 223232K, 42% used [0x00000000c0000000,0x00000000c5ce2678,0x00000000cda00000)
 Metaspace       used 84661K, capacity 96688K, committed 99200K, reserved 1134592K
  class space    used 10624K, capacity 14191K, committed 14976K, reserved 1048576K
}
Event: 4697.973 GC heap before
{Heap before GC invocations=88 (full 20):
 PSYoungGen      total 288256K, used 272085K [0x00000000eab00000, 0x00000000feb00000, 0x0000000100000000)
  eden space 257536K, 100% used [0x00000000eab00000,0x00000000fa680000,0x00000000fa680000)
  from space 30720K, 47% used [0x00000000fa680000,0x00000000fb4b5480,0x00000000fc480000)
  to   space 29184K, 0% used [0x00000000fce80000,0x00000000fce80000,0x00000000feb00000)
 ParOldGen       total 223232K, used 95113K [0x00000000c0000000, 0x00000000cda00000, 0x00000000eab00000)
  object space 223232K, 42% used [0x00000000c0000000,0x00000000c5ce2678,0x00000000cda00000)
 Metaspace       used 84777K, capacity 96802K, committed 99200K, reserved 1134592K
  class space    used 10632K, capacity 14225K, committed 14976K, reserved 1048576K
Event: 4698.012 GC heap after
Heap after GC invocations=88 (full 20):
 PSYoungGen      total 293888K, used 29157K [0x00000000eab00000, 0x00000000ff980000, 0x0000000100000000)
  eden space 264704K, 0% used [0x00000000eab00000,0x00000000eab00000,0x00000000fad80000)
  from space 29184K, 99% used [0x00000000fce80000,0x00000000feaf9448,0x00000000feb00000)
  to   space 33792K, 0% used [0x00000000fad80000,0x00000000fad80000,0x00000000fce80000)
 ParOldGen       total 223232K, used 95938K [0x00000000c0000000, 0x00000000cda00000, 0x00000000eab00000)
  object space 223232K, 42% used [0x00000000c0000000,0x00000000c5db0b70,0x00000000cda00000)
 Metaspace       used 84777K, capacity 96802K, committed 99200K, reserved 1134592K
  class space    used 10632K, capacity 14225K, committed 14976K, reserved 1048576K
}

